#
# A fatal error has been detected by the Java Runtime Environment:
#
#  EXCEPTION_ACCESS_VIOLATION (0xc0000005) at pc=0x00007ffc29dd9d97, pid=11404, tid=23432
#
# JRE version: Java(TM) SE Runtime Environment (13.0.1+9) (build 13.0.1+9)
# Java VM: Java HotSpot(TM) 64-Bit Server VM (13.0.1+9, mixed mode, sharing, tiered, compressed oops, g1 gc, windows-amd64)
# Problematic frame:
# V  [jvm.dll+0x509d97]
#
# No core dump will be written. Minidumps are not enabled by default on client versions of Windows
#
# If you would like to submit a bug report, please visit:
#   http://bugreport.java.com/bugreport/crash.jsp
#

---------------  S U M M A R Y ------------

Command Line: -agentlib:jdwp=transport=dt_socket,suspend=y,address=localhost:64659 -ea -javaagent:C:\Users\Eduardo\eclipse\java-2019-09\eclipse\configuration\org.eclipse.osgi\229\0\.cp\lib\javaagent-shaded.jar -Dfile.encoding=Cp1252 org.eclipse.jdt.internal.junit.runner.RemoteTestRunner -version 3 -port 64657 -testLoaderClass org.eclipse.jdt.internal.junit4.runner.JUnit4TestLoader -loaderpluginname org.eclipse.jdt.junit4.runtime -classNames cucumberOptions.TestRunner

Host: Intel(R) Core(TM) i7-8500Y CPU @ 1.50GHz, 4 cores, 15G,  Windows 10 , 64 bit Build 18362 (10.0.18362.1350)
Time: Fri Feb 26 20:51:19 2021 Hora estándar romance elapsed time: 3059 seconds (0d 0h 50m 59s)

---------------  T H R E A D  ---------------

Current thread (0x000001d13927e800):  VMThread "VM Thread" [stack: 0x000000716a700000,0x000000716a800000] [id=23432]

Stack: [0x000000716a700000,0x000000716a800000],  sp=0x000000716a7ff460,  free space=1021k
Native frames: (J=compiled Java code, j=interpreted, Vv=VM code, C=native code)
V  [jvm.dll+0x509d97]
V  [jvm.dll+0x365bae]
V  [jvm.dll+0x733c4a]
V  [jvm.dll+0x735bf0]
V  [jvm.dll+0x739867]
V  [jvm.dll+0x73610f]
V  [jvm.dll+0x5d1bf5]
V  [jvm.dll+0x4fccfe]
V  [jvm.dll+0x77569c]
V  [jvm.dll+0x779477]
V  [jvm.dll+0x779ca8]
V  [jvm.dll+0x77a04c]
V  [jvm.dll+0x731c0a]
V  [jvm.dll+0x6260c6]
C  [ucrtbase.dll+0x210b2]
C  [KERNEL32.DLL+0x17c24]
C  [ntdll.dll+0x6d721]


siginfo: EXCEPTION_ACCESS_VIOLATION (0xc0000005), reading address 0x0000000000004141


Register to memory mapping:

RIP=0x00007ffc29dd9d97 jvm.dll
RAX=0x000000716a7ff4a0 points into unknown readable memory: 00 e8 27 39 d1 01 00 00
RBX=0x0000000000000009 is an unknown value
RCX=0x000001d13927e800 points into unknown readable memory: 20 ac 1c 2a fc 7f 00 00
RDX=0x000000716a7ff490 points into unknown readable memory: 00 e8 27 39 d1 01 00 00
RSP=0x000000716a7ff460 points into unknown readable memory: 09 00 00 00 00 00 00 00
RBP=0x000001d139811628 is pointing into metadata
RSI=0x000001d11615f800 is a thread
RDI=0x0000000000004141 is an unknown value
R8 =0x0000000000000003 is an unknown value
R9 =0x000000007ffe7000 points into unknown readable memory: 48 61 6c 54 00 00 00 00
R10=0x00000000546c6148 is an unknown value
R11=0x00000358e28e034b is an unknown value
R12=0x0000000000000009 is an unknown value
R13=0x00007ffc2a3978a0 jvm.dll
R14=0x0000000000000001 is an unknown value
R15=0x000000007ffe7000 points into unknown readable memory: 48 61 6c 54 00 00 00 00


Registers:
RAX=0x000000716a7ff4a0, RBX=0x0000000000000009, RCX=0x000001d13927e800, RDX=0x000000716a7ff490
RSP=0x000000716a7ff460, RBP=0x000001d139811628, RSI=0x000001d11615f800, RDI=0x0000000000004141
R8 =0x0000000000000003, R9 =0x000000007ffe7000, R10=0x00000000546c6148, R11=0x00000358e28e034b
R12=0x0000000000000009, R13=0x00007ffc2a3978a0, R14=0x0000000000000001, R15=0x000000007ffe7000
RIP=0x00007ffc29dd9d97, EFLAGS=0x0000000000010206

Top of Stack: (sp=0x000000716a7ff460)
0x000000716a7ff460:   0000000000000009 0000000000000000
0x000000716a7ff470:   000000716a7ff4f0 00007ffc29eea1a0
0x000000716a7ff480:   0000000000000008 00007ffc29c35bae
0x000000716a7ff490:   000001d13927e800 0000000000000001
0x000000716a7ff4a0:   000001d13927e800 000001d13b031fa0
0x000000716a7ff4b0:   000001d1396b6860 00007ffc29eb1501
0x000000716a7ff4c0:   00000000000003d8 000001d139268518
0x000000716a7ff4d0:   00007ffc2a3978a0 00007ffc2a1078f0
0x000000716a7ff4e0:   0000000000000008 00007ffc2a003c4a
0x000000716a7ff4f0:   0000000000000000 0000000000000001
0x000000716a7ff500:   00007ffc29ea1d60 000001d11615f800
0x000000716a7ff510:   000000716a7ff5a0 00007ffc2a005bf0
0x000000716a7ff520:   000001d13b4fdab0 0000000000000000
0x000000716a7ff530:   0000000000000011 0000000000000004
0x000000716a7ff540:   000000716a7ff5a0 00007ffc2a009867
0x000000716a7ff550:   0000000000000001 000001d139268140 

Instructions: (pc=0x00007ffc29dd9d97)
0x00007ffc29dd9c97:   89 4a 20 48 8b c1 c3 cc cc 48 89 5c 24 10 57 48
0x00007ffc29dd9ca7:   83 ec 20 48 8b 59 78 48 8b f9 48 85 db 74 4d 48
0x00007ffc29dd9cb7:   8b cb 48 89 74 24 30 e8 9d 06 00 00 48 8d b3 80
0x00007ffc29dd9cc7:   00 00 00 66 0f 1f 44 00 00 48 8b 5f 78 48 8b 9b
0x00007ffc29dd9cd7:   80 00 00 00 48 85 db 74 07 48 89 9f 88 00 00 00
0x00007ffc29dd9ce7:   48 8b 05 ca cd 50 00 4c 8b c3 48 8b d6 48 8b cf
0x00007ffc29dd9cf7:   ff d0 48 3b c3 75 d2 48 8b 74 24 30 48 8b 5c 24
0x00007ffc29dd9d07:   38 48 83 c4 20 5f c3 cc cc 48 83 ec 28 4c 8d 05
0x00007ffc29dd9d17:   75 4c 3a 00 ba 8e 02 00 00 48 8d 0d 01 4b 3a 00
0x00007ffc29dd9d27:   e8 74 3a d4 ff e8 ef cc 11 00 33 c0 48 83 c4 28
0x00007ffc29dd9d37:   c3 cc cc cc cc cc cc cc cc 48 83 ec 28 4c 8d 05
0x00007ffc29dd9d47:   45 4c 3a 00 ba 94 02 00 00 48 8d 0d d1 4a 3a 00
0x00007ffc29dd9d57:   e8 44 3a d4 ff e8 bf cc 11 00 33 c0 48 83 c4 28
0x00007ffc29dd9d67:   c3 cc cc cc cc cc cc cc cc 48 89 5c 24 10 57 48
0x00007ffc29dd9d77:   83 ec 20 8b da 48 c7 44 24 30 00 00 00 00 48 8b
0x00007ffc29dd9d87:   f9 48 8d 54 24 30 48 8d 4c 24 40 e8 89 51 dc ff
0x00007ffc29dd9d97:   48 8b 07 44 8b c3 4c 8b 4c 24 30 b2 01 48 8b cf
0x00007ffc29dd9da7:   ff 90 d8 00 00 00 48 8d 4c 24 40 48 8b d8 e8 e6
0x00007ffc29dd9db7:   51 dc ff 48 8b c3 48 8b 5c 24 38 48 83 c4 20 5f
0x00007ffc29dd9dc7:   c3 cc cc cc cc cc cc cc cc 40 53 48 83 ec 20 48
0x00007ffc29dd9dd7:   8b d9 48 c7 44 24 30 00 00 00 00 48 8d 4c 24 38
0x00007ffc29dd9de7:   48 8d 54 24 30 e8 2f 51 dc ff 48 8b 03 b2 01 4c
0x00007ffc29dd9df7:   8b 44 24 30 48 8b cb ff 90 d0 00 00 00 48 8d 4c
0x00007ffc29dd9e07:   24 38 48 8b d8 e8 8f 51 dc ff 48 8b c3 48 83 c4
0x00007ffc29dd9e17:   20 5b c3 cc cc cc cc cc cc 80 3d 9a 7e 57 00 00
0x00007ffc29dd9e27:   48 8d 15 02 35 4f 00 b8 10 00 00 00 41 ba 18 00
0x00007ffc29dd9e37:   00 00 44 0f 45 d0 48 63 c1 48 63 14 82 b8 01 00
0x00007ffc29dd9e47:   00 00 44 8d 40 fe 0f 1f 00 48 3b c2 77 08 41 ff
0x00007ffc29dd9e57:   c0 48 03 c0 75 f3 83 f9 0c b8 00 c0 ff ff ba 00
0x00007ffc29dd9e67:   80 ff ff 0f 44 c2 41 0b c2 c1 e0 08 0b c1 c1 e0
0x00007ffc29dd9e77:   08 41 0b c0 c3 cc cc cc cc 48 8b 05 39 cc 50 00
0x00007ffc29dd9e87:   48 8d 91 c0 00 00 00 b9 01 00 00 00 48 ff e0 cc 


Stack slot to memory mapping:
stack at sp + 0 slots: 0x0000000000000009 is an unknown value
stack at sp + 1 slots: 0x0 is NULL
stack at sp + 2 slots: 0x000000716a7ff4f0 points into unknown readable memory: 00 00 00 00 00 00 00 00
stack at sp + 3 slots: 0x00007ffc29eea1a0 jvm.dll
stack at sp + 4 slots: 0x0000000000000008 is an unknown value
stack at sp + 5 slots: 0x00007ffc29c35bae jvm.dll
stack at sp + 6 slots: 0x000001d13927e800 points into unknown readable memory: 20 ac 1c 2a fc 7f 00 00
stack at sp + 7 slots: 0x0000000000000001 is an unknown value

VM_Operation (0x000000716b1ff140): RedefineClasses, mode: safepoint, requested by thread 0x000001d139dc0000


---------------  P R O C E S S  ---------------

Threads class SMR info:
_java_thread_list=0x000001d13b161de0, length=17, elements={
0x000001d11615f800, 0x000001d139280800, 0x000001d139286000, 0x000001d139b26000,
0x000001d139b28000, 0x000001d139b2a000, 0x000001d139b39000, 0x000001d139b45000,
0x000001d139b20800, 0x000001d139dc0000, 0x000001d139dc1000, 0x000001d139cd5000,
0x000001d13a396800, 0x000001d13a860000, 0x000001d13a6b7800, 0x000001d13a6ba800,
0x000001d13a6bb800
}

Java Threads: ( => current thread )
  0x000001d11615f800 JavaThread "main" [_thread_blocked, id=17024, stack(0x000000716a100000,0x000000716a200000)]
  0x000001d139280800 JavaThread "Reference Handler" daemon [_thread_blocked, id=23344, stack(0x000000716a800000,0x000000716a900000)]
  0x000001d139286000 JavaThread "Finalizer" daemon [_thread_blocked, id=20188, stack(0x000000716a900000,0x000000716aa00000)]
  0x000001d139b26000 JavaThread "Signal Dispatcher" daemon [_thread_blocked, id=17452, stack(0x000000716aa00000,0x000000716ab00000)]
  0x000001d139b28000 JavaThread "Attach Listener" daemon [_thread_blocked, id=1452, stack(0x000000716ab00000,0x000000716ac00000)]
  0x000001d139b2a000 JavaThread "C2 CompilerThread0" daemon [_thread_blocked, id=21764, stack(0x000000716ac00000,0x000000716ad00000)]
  0x000001d139b39000 JavaThread "C1 CompilerThread0" daemon [_thread_blocked, id=6100, stack(0x000000716ad00000,0x000000716ae00000)]
  0x000001d139b45000 JavaThread "Sweeper thread" daemon [_thread_blocked, id=4128, stack(0x000000716ae00000,0x000000716af00000)]
  0x000001d139b20800 JavaThread "Common-Cleaner" daemon [_thread_blocked, id=20604, stack(0x000000716af00000,0x000000716b000000)]
  0x000001d139dc0000 JavaThread "JDWP Transport Listener: dt_socket" daemon [_thread_blocked, id=1328, stack(0x000000716b100000,0x000000716b200000)]
  0x000001d139dc1000 JavaThread "JDWP Event Helper Thread" daemon [_thread_blocked, id=7816, stack(0x000000716b200000,0x000000716b300000)]
  0x000001d139cd5000 JavaThread "JDWP Command Reader" daemon [_thread_in_native, id=18668, stack(0x000000716b300000,0x000000716b400000)]
  0x000001d13a396800 JavaThread "Service Thread" daemon [_thread_blocked, id=22124, stack(0x000000716b000000,0x000000716b100000)]
  0x000001d13a860000 JavaThread "ReaderThread" [_thread_in_native, id=3296, stack(0x000000716b500000,0x000000716b600000)]
  0x000001d13a6b7800 JavaThread "Exec Default Executor" daemon [_thread_in_native, id=19160, stack(0x000000716ba00000,0x000000716bb00000)]
  0x000001d13a6ba800 JavaThread "Exec Stream Pumper" daemon [_thread_in_native, id=9348, stack(0x000000716bd00000,0x000000716be00000)]
  0x000001d13a6bb800 JavaThread "Exec Stream Pumper" daemon [_thread_in_native, id=8020, stack(0x000000716be00000,0x000000716bf00000)]

Other Threads:
=>0x000001d13927e800 VMThread "VM Thread" [stack: 0x000000716a700000,0x000000716a800000] [id=23432]
  0x000001d13a3ad800 WatcherThread [stack: 0x000000716b400000,0x000000716b500000] [id=20148]
  0x000001d1161cb800 GCTaskThread "GC Thread#0" [stack: 0x000000716a200000,0x000000716a300000] [id=3756]
  0x000001d13abe8000 GCTaskThread "GC Thread#1" [stack: 0x000000716b700000,0x000000716b800000] [id=24152]
  0x000001d13aafa800 GCTaskThread "GC Thread#2" [stack: 0x000000716b800000,0x000000716b900000] [id=19992]
  0x000001d13aafb000 GCTaskThread "GC Thread#3" [stack: 0x000000716b900000,0x000000716ba00000] [id=19096]
  0x000001d1161ee800 ConcurrentGCThread "G1 Main Marker" [stack: 0x000000716a300000,0x000000716a400000] [id=18868]
  0x000001d1161ef800 ConcurrentGCThread "G1 Conc#0" [stack: 0x000000716a400000,0x000000716a500000] [id=22724]
  0x000001d13917b800 ConcurrentGCThread "G1 Refine#0" [stack: 0x000000716a500000,0x000000716a600000] [id=9212]
  0x000001d13917d800 ConcurrentGCThread "G1 Young RemSet Sampling" [stack: 0x000000716a600000,0x000000716a700000] [id=23636]

Threads with active compile tasks:

VM state:at safepoint (normal execution)

VM Mutex/Monitor currently owned by a thread:  ([mutex/lock_event])
[0x000001d11615c290] Threads_lock - owner thread: 0x000001d13927e800

Heap address: 0x0000000701c00000, size: 4068 MB, Compressed Oops mode: Zero based, Oop shift amount: 3
Narrow klass base: 0x0000000800000000, Narrow klass shift: 3
Compressed class space size: 1073741824 Address: 0x0000000800b40000

Heap:
 garbage-first heap   total 262144K, used 34811K [0x0000000701c00000, 0x0000000800000000)
  region size 1024K, 30 young (30720K), 4 survivors (4096K)
 Metaspace       used 15752K, capacity 16052K, committed 16256K, reserved 1062912K
  class space    used 2055K, capacity 2148K, committed 2176K, reserved 1048576K
Heap Regions: E=young(eden), S=young(survivor), O=old, HS=humongous(starts), HC=humongous(continues), CS=collection set, F=free, A=archive, TAMS=top-at-mark-start (previous, next)
|   0|0x0000000701c00000, 0x0000000701d00000, 0x0000000701d00000|100%| O|  |TAMS 0x0000000701c00000, 0x0000000701c00000| Untracked 
|   1|0x0000000701d00000, 0x0000000701e00000, 0x0000000701e00000|100%| O|  |TAMS 0x0000000701d00000, 0x0000000701d00000| Untracked 
|   2|0x0000000701e00000, 0x0000000701f00000, 0x0000000701f00000|100%| O|  |TAMS 0x0000000701e00000, 0x0000000701e00000| Untracked 
|   3|0x0000000701f00000, 0x0000000702000000, 0x0000000702000000|100%| O|  |TAMS 0x0000000701f00000, 0x0000000701f00000| Untracked 
|   4|0x0000000702000000, 0x0000000702100000, 0x0000000702100000|100%| O|  |TAMS 0x0000000702000000, 0x0000000702000000| Untracked 
|   5|0x0000000702100000, 0x00000007021aac00, 0x0000000702200000| 66%| O|  |TAMS 0x0000000702100000, 0x0000000702100000| Untracked 
|   6|0x0000000702200000, 0x0000000702200000, 0x0000000702300000|  0%| F|  |TAMS 0x0000000702200000, 0x0000000702200000| Untracked 
|   7|0x0000000702300000, 0x0000000702300000, 0x0000000702400000|  0%| F|  |TAMS 0x0000000702300000, 0x0000000702300000| Untracked 
|   8|0x0000000702400000, 0x0000000702400000, 0x0000000702500000|  0%| F|  |TAMS 0x0000000702400000, 0x0000000702400000| Untracked 
|   9|0x0000000702500000, 0x0000000702500000, 0x0000000702600000|  0%| F|  |TAMS 0x0000000702500000, 0x0000000702500000| Untracked 
|  10|0x0000000702600000, 0x0000000702600000, 0x0000000702700000|  0%| F|  |TAMS 0x0000000702600000, 0x0000000702600000| Untracked 
|  11|0x0000000702700000, 0x0000000702700000, 0x0000000702800000|  0%| F|  |TAMS 0x0000000702700000, 0x0000000702700000| Untracked 
|  12|0x0000000702800000, 0x0000000702800000, 0x0000000702900000|  0%| F|  |TAMS 0x0000000702800000, 0x0000000702800000| Untracked 
|  13|0x0000000702900000, 0x0000000702900000, 0x0000000702a00000|  0%| F|  |TAMS 0x0000000702900000, 0x0000000702900000| Untracked 
|  14|0x0000000702a00000, 0x0000000702a00000, 0x0000000702b00000|  0%| F|  |TAMS 0x0000000702a00000, 0x0000000702a00000| Untracked 
|  15|0x0000000702b00000, 0x0000000702b00000, 0x0000000702c00000|  0%| F|  |TAMS 0x0000000702b00000, 0x0000000702b00000| Untracked 
|  16|0x0000000702c00000, 0x0000000702c00000, 0x0000000702d00000|  0%| F|  |TAMS 0x0000000702c00000, 0x0000000702c00000| Untracked 
|  17|0x0000000702d00000, 0x0000000702d00000, 0x0000000702e00000|  0%| F|  |TAMS 0x0000000702d00000, 0x0000000702d00000| Untracked 
|  18|0x0000000702e00000, 0x0000000702e00000, 0x0000000702f00000|  0%| F|  |TAMS 0x0000000702e00000, 0x0000000702e00000| Untracked 
|  19|0x0000000702f00000, 0x0000000702f00000, 0x0000000703000000|  0%| F|  |TAMS 0x0000000702f00000, 0x0000000702f00000| Untracked 
|  20|0x0000000703000000, 0x0000000703000000, 0x0000000703100000|  0%| F|  |TAMS 0x0000000703000000, 0x0000000703000000| Untracked 
|  21|0x0000000703100000, 0x0000000703100000, 0x0000000703200000|  0%| F|  |TAMS 0x0000000703100000, 0x0000000703100000| Untracked 
|  22|0x0000000703200000, 0x0000000703200000, 0x0000000703300000|  0%| F|  |TAMS 0x0000000703200000, 0x0000000703200000| Untracked 
|  23|0x0000000703300000, 0x0000000703300000, 0x0000000703400000|  0%| F|  |TAMS 0x0000000703300000, 0x0000000703300000| Untracked 
|  24|0x0000000703400000, 0x0000000703400000, 0x0000000703500000|  0%| F|  |TAMS 0x0000000703400000, 0x0000000703400000| Untracked 
|  25|0x0000000703500000, 0x0000000703500000, 0x0000000703600000|  0%| F|  |TAMS 0x0000000703500000, 0x0000000703500000| Untracked 
|  26|0x0000000703600000, 0x0000000703600000, 0x0000000703700000|  0%| F|  |TAMS 0x0000000703600000, 0x0000000703600000| Untracked 
|  27|0x0000000703700000, 0x0000000703700000, 0x0000000703800000|  0%| F|  |TAMS 0x0000000703700000, 0x0000000703700000| Untracked 
|  28|0x0000000703800000, 0x0000000703800000, 0x0000000703900000|  0%| F|  |TAMS 0x0000000703800000, 0x0000000703800000| Untracked 
|  29|0x0000000703900000, 0x0000000703900000, 0x0000000703a00000|  0%| F|  |TAMS 0x0000000703900000, 0x0000000703900000| Untracked 
|  30|0x0000000703a00000, 0x0000000703a00000, 0x0000000703b00000|  0%| F|  |TAMS 0x0000000703a00000, 0x0000000703a00000| Untracked 
|  31|0x0000000703b00000, 0x0000000703b00000, 0x0000000703c00000|  0%| F|  |TAMS 0x0000000703b00000, 0x0000000703b00000| Untracked 
|  32|0x0000000703c00000, 0x0000000703c00000, 0x0000000703d00000|  0%| F|  |TAMS 0x0000000703c00000, 0x0000000703c00000| Untracked 
|  33|0x0000000703d00000, 0x0000000703d00000, 0x0000000703e00000|  0%| F|  |TAMS 0x0000000703d00000, 0x0000000703d00000| Untracked 
|  34|0x0000000703e00000, 0x0000000703e00000, 0x0000000703f00000|  0%| F|  |TAMS 0x0000000703e00000, 0x0000000703e00000| Untracked 
|  35|0x0000000703f00000, 0x0000000703f00000, 0x0000000704000000|  0%| F|  |TAMS 0x0000000703f00000, 0x0000000703f00000| Untracked 
|  36|0x0000000704000000, 0x0000000704000000, 0x0000000704100000|  0%| F|  |TAMS 0x0000000704000000, 0x0000000704000000| Untracked 
|  37|0x0000000704100000, 0x0000000704100000, 0x0000000704200000|  0%| F|  |TAMS 0x0000000704100000, 0x0000000704100000| Untracked 
|  38|0x0000000704200000, 0x0000000704200000, 0x0000000704300000|  0%| F|  |TAMS 0x0000000704200000, 0x0000000704200000| Untracked 
|  39|0x0000000704300000, 0x0000000704300000, 0x0000000704400000|  0%| F|  |TAMS 0x0000000704300000, 0x0000000704300000| Untracked 
|  40|0x0000000704400000, 0x0000000704400000, 0x0000000704500000|  0%| F|  |TAMS 0x0000000704400000, 0x0000000704400000| Untracked 
|  41|0x0000000704500000, 0x0000000704500000, 0x0000000704600000|  0%| F|  |TAMS 0x0000000704500000, 0x0000000704500000| Untracked 
|  42|0x0000000704600000, 0x0000000704600000, 0x0000000704700000|  0%| F|  |TAMS 0x0000000704600000, 0x0000000704600000| Untracked 
|  43|0x0000000704700000, 0x0000000704700000, 0x0000000704800000|  0%| F|  |TAMS 0x0000000704700000, 0x0000000704700000| Untracked 
|  44|0x0000000704800000, 0x0000000704800000, 0x0000000704900000|  0%| F|  |TAMS 0x0000000704800000, 0x0000000704800000| Untracked 
|  45|0x0000000704900000, 0x0000000704900000, 0x0000000704a00000|  0%| F|  |TAMS 0x0000000704900000, 0x0000000704900000| Untracked 
|  46|0x0000000704a00000, 0x0000000704a00000, 0x0000000704b00000|  0%| F|  |TAMS 0x0000000704a00000, 0x0000000704a00000| Untracked 
|  47|0x0000000704b00000, 0x0000000704b00000, 0x0000000704c00000|  0%| F|  |TAMS 0x0000000704b00000, 0x0000000704b00000| Untracked 
|  48|0x0000000704c00000, 0x0000000704c00000, 0x0000000704d00000|  0%| F|  |TAMS 0x0000000704c00000, 0x0000000704c00000| Untracked 
|  49|0x0000000704d00000, 0x0000000704d00000, 0x0000000704e00000|  0%| F|  |TAMS 0x0000000704d00000, 0x0000000704d00000| Untracked 
|  50|0x0000000704e00000, 0x0000000704e00000, 0x0000000704f00000|  0%| F|  |TAMS 0x0000000704e00000, 0x0000000704e00000| Untracked 
|  51|0x0000000704f00000, 0x0000000704f00000, 0x0000000705000000|  0%| F|  |TAMS 0x0000000704f00000, 0x0000000704f00000| Untracked 
|  52|0x0000000705000000, 0x0000000705000000, 0x0000000705100000|  0%| F|  |TAMS 0x0000000705000000, 0x0000000705000000| Untracked 
|  53|0x0000000705100000, 0x0000000705100000, 0x0000000705200000|  0%| F|  |TAMS 0x0000000705100000, 0x0000000705100000| Untracked 
|  54|0x0000000705200000, 0x0000000705200000, 0x0000000705300000|  0%| F|  |TAMS 0x0000000705200000, 0x0000000705200000| Untracked 
|  55|0x0000000705300000, 0x0000000705300000, 0x0000000705400000|  0%| F|  |TAMS 0x0000000705300000, 0x0000000705300000| Untracked 
|  56|0x0000000705400000, 0x0000000705400000, 0x0000000705500000|  0%| F|  |TAMS 0x0000000705400000, 0x0000000705400000| Untracked 
|  57|0x0000000705500000, 0x0000000705500000, 0x0000000705600000|  0%| F|  |TAMS 0x0000000705500000, 0x0000000705500000| Untracked 
|  58|0x0000000705600000, 0x0000000705600000, 0x0000000705700000|  0%| F|  |TAMS 0x0000000705600000, 0x0000000705600000| Untracked 
|  59|0x0000000705700000, 0x0000000705700000, 0x0000000705800000|  0%| F|  |TAMS 0x0000000705700000, 0x0000000705700000| Untracked 
|  60|0x0000000705800000, 0x0000000705800000, 0x0000000705900000|  0%| F|  |TAMS 0x0000000705800000, 0x0000000705800000| Untracked 
|  61|0x0000000705900000, 0x0000000705900000, 0x0000000705a00000|  0%| F|  |TAMS 0x0000000705900000, 0x0000000705900000| Untracked 
|  62|0x0000000705a00000, 0x0000000705a00000, 0x0000000705b00000|  0%| F|  |TAMS 0x0000000705a00000, 0x0000000705a00000| Untracked 
|  63|0x0000000705b00000, 0x0000000705b00000, 0x0000000705c00000|  0%| F|  |TAMS 0x0000000705b00000, 0x0000000705b00000| Untracked 
|  64|0x0000000705c00000, 0x0000000705c00000, 0x0000000705d00000|  0%| F|  |TAMS 0x0000000705c00000, 0x0000000705c00000| Untracked 
|  65|0x0000000705d00000, 0x0000000705d00000, 0x0000000705e00000|  0%| F|  |TAMS 0x0000000705d00000, 0x0000000705d00000| Untracked 
|  66|0x0000000705e00000, 0x0000000705e00000, 0x0000000705f00000|  0%| F|  |TAMS 0x0000000705e00000, 0x0000000705e00000| Untracked 
|  67|0x0000000705f00000, 0x0000000705f00000, 0x0000000706000000|  0%| F|  |TAMS 0x0000000705f00000, 0x0000000705f00000| Untracked 
|  68|0x0000000706000000, 0x0000000706000000, 0x0000000706100000|  0%| F|  |TAMS 0x0000000706000000, 0x0000000706000000| Untracked 
|  69|0x0000000706100000, 0x0000000706100000, 0x0000000706200000|  0%| F|  |TAMS 0x0000000706100000, 0x0000000706100000| Untracked 
|  70|0x0000000706200000, 0x0000000706200000, 0x0000000706300000|  0%| F|  |TAMS 0x0000000706200000, 0x0000000706200000| Untracked 
|  71|0x0000000706300000, 0x0000000706300000, 0x0000000706400000|  0%| F|  |TAMS 0x0000000706300000, 0x0000000706300000| Untracked 
|  72|0x0000000706400000, 0x0000000706400000, 0x0000000706500000|  0%| F|  |TAMS 0x0000000706400000, 0x0000000706400000| Untracked 
|  73|0x0000000706500000, 0x0000000706500000, 0x0000000706600000|  0%| F|  |TAMS 0x0000000706500000, 0x0000000706500000| Untracked 
|  74|0x0000000706600000, 0x0000000706600000, 0x0000000706700000|  0%| F|  |TAMS 0x0000000706600000, 0x0000000706600000| Untracked 
|  75|0x0000000706700000, 0x0000000706700000, 0x0000000706800000|  0%| F|  |TAMS 0x0000000706700000, 0x0000000706700000| Untracked 
|  76|0x0000000706800000, 0x0000000706800000, 0x0000000706900000|  0%| F|  |TAMS 0x0000000706800000, 0x0000000706800000| Untracked 
|  77|0x0000000706900000, 0x0000000706900000, 0x0000000706a00000|  0%| F|  |TAMS 0x0000000706900000, 0x0000000706900000| Untracked 
|  78|0x0000000706a00000, 0x0000000706a00000, 0x0000000706b00000|  0%| F|  |TAMS 0x0000000706a00000, 0x0000000706a00000| Untracked 
|  79|0x0000000706b00000, 0x0000000706b00000, 0x0000000706c00000|  0%| F|  |TAMS 0x0000000706b00000, 0x0000000706b00000| Untracked 
|  80|0x0000000706c00000, 0x0000000706c00000, 0x0000000706d00000|  0%| F|  |TAMS 0x0000000706c00000, 0x0000000706c00000| Untracked 
|  81|0x0000000706d00000, 0x0000000706d00000, 0x0000000706e00000|  0%| F|  |TAMS 0x0000000706d00000, 0x0000000706d00000| Untracked 
|  82|0x0000000706e00000, 0x0000000706e00000, 0x0000000706f00000|  0%| F|  |TAMS 0x0000000706e00000, 0x0000000706e00000| Untracked 
|  83|0x0000000706f00000, 0x0000000706f00000, 0x0000000707000000|  0%| F|  |TAMS 0x0000000706f00000, 0x0000000706f00000| Untracked 
|  84|0x0000000707000000, 0x0000000707000000, 0x0000000707100000|  0%| F|  |TAMS 0x0000000707000000, 0x0000000707000000| Untracked 
|  85|0x0000000707100000, 0x0000000707100000, 0x0000000707200000|  0%| F|  |TAMS 0x0000000707100000, 0x0000000707100000| Untracked 
|  86|0x0000000707200000, 0x0000000707200000, 0x0000000707300000|  0%| F|  |TAMS 0x0000000707200000, 0x0000000707200000| Untracked 
|  87|0x0000000707300000, 0x0000000707300000, 0x0000000707400000|  0%| F|  |TAMS 0x0000000707300000, 0x0000000707300000| Untracked 
|  88|0x0000000707400000, 0x0000000707400000, 0x0000000707500000|  0%| F|  |TAMS 0x0000000707400000, 0x0000000707400000| Untracked 
|  89|0x0000000707500000, 0x0000000707500000, 0x0000000707600000|  0%| F|  |TAMS 0x0000000707500000, 0x0000000707500000| Untracked 
|  90|0x0000000707600000, 0x0000000707600000, 0x0000000707700000|  0%| F|  |TAMS 0x0000000707600000, 0x0000000707600000| Untracked 
|  91|0x0000000707700000, 0x0000000707700000, 0x0000000707800000|  0%| F|  |TAMS 0x0000000707700000, 0x0000000707700000| Untracked 
|  92|0x0000000707800000, 0x0000000707800000, 0x0000000707900000|  0%| F|  |TAMS 0x0000000707800000, 0x0000000707800000| Untracked 
|  93|0x0000000707900000, 0x0000000707900000, 0x0000000707a00000|  0%| F|  |TAMS 0x0000000707900000, 0x0000000707900000| Untracked 
|  94|0x0000000707a00000, 0x0000000707a00000, 0x0000000707b00000|  0%| F|  |TAMS 0x0000000707a00000, 0x0000000707a00000| Untracked 
|  95|0x0000000707b00000, 0x0000000707b00000, 0x0000000707c00000|  0%| F|  |TAMS 0x0000000707b00000, 0x0000000707b00000| Untracked 
|  96|0x0000000707c00000, 0x0000000707c00000, 0x0000000707d00000|  0%| F|  |TAMS 0x0000000707c00000, 0x0000000707c00000| Untracked 
|  97|0x0000000707d00000, 0x0000000707d00000, 0x0000000707e00000|  0%| F|  |TAMS 0x0000000707d00000, 0x0000000707d00000| Untracked 
|  98|0x0000000707e00000, 0x0000000707e00000, 0x0000000707f00000|  0%| F|  |TAMS 0x0000000707e00000, 0x0000000707e00000| Untracked 
|  99|0x0000000707f00000, 0x0000000707f00000, 0x0000000708000000|  0%| F|  |TAMS 0x0000000707f00000, 0x0000000707f00000| Untracked 
| 100|0x0000000708000000, 0x0000000708000000, 0x0000000708100000|  0%| F|  |TAMS 0x0000000708000000, 0x0000000708000000| Untracked 
| 101|0x0000000708100000, 0x0000000708100000, 0x0000000708200000|  0%| F|  |TAMS 0x0000000708100000, 0x0000000708100000| Untracked 
| 102|0x0000000708200000, 0x0000000708200000, 0x0000000708300000|  0%| F|  |TAMS 0x0000000708200000, 0x0000000708200000| Untracked 
| 103|0x0000000708300000, 0x0000000708300000, 0x0000000708400000|  0%| F|  |TAMS 0x0000000708300000, 0x0000000708300000| Untracked 
| 104|0x0000000708400000, 0x0000000708400000, 0x0000000708500000|  0%| F|  |TAMS 0x0000000708400000, 0x0000000708400000| Untracked 
| 105|0x0000000708500000, 0x0000000708500000, 0x0000000708600000|  0%| F|  |TAMS 0x0000000708500000, 0x0000000708500000| Untracked 
| 106|0x0000000708600000, 0x0000000708600000, 0x0000000708700000|  0%| F|  |TAMS 0x0000000708600000, 0x0000000708600000| Untracked 
| 107|0x0000000708700000, 0x0000000708700000, 0x0000000708800000|  0%| F|  |TAMS 0x0000000708700000, 0x0000000708700000| Untracked 
| 108|0x0000000708800000, 0x0000000708800000, 0x0000000708900000|  0%| F|  |TAMS 0x0000000708800000, 0x0000000708800000| Untracked 
| 109|0x0000000708900000, 0x0000000708900000, 0x0000000708a00000|  0%| F|  |TAMS 0x0000000708900000, 0x0000000708900000| Untracked 
| 110|0x0000000708a00000, 0x0000000708a00000, 0x0000000708b00000|  0%| F|  |TAMS 0x0000000708a00000, 0x0000000708a00000| Untracked 
| 111|0x0000000708b00000, 0x0000000708b00000, 0x0000000708c00000|  0%| F|  |TAMS 0x0000000708b00000, 0x0000000708b00000| Untracked 
| 112|0x0000000708c00000, 0x0000000708c00000, 0x0000000708d00000|  0%| F|  |TAMS 0x0000000708c00000, 0x0000000708c00000| Untracked 
| 113|0x0000000708d00000, 0x0000000708d00000, 0x0000000708e00000|  0%| F|  |TAMS 0x0000000708d00000, 0x0000000708d00000| Untracked 
| 114|0x0000000708e00000, 0x0000000708e00000, 0x0000000708f00000|  0%| F|  |TAMS 0x0000000708e00000, 0x0000000708e00000| Untracked 
| 115|0x0000000708f00000, 0x0000000708f00000, 0x0000000709000000|  0%| F|  |TAMS 0x0000000708f00000, 0x0000000708f00000| Untracked 
| 116|0x0000000709000000, 0x0000000709000000, 0x0000000709100000|  0%| F|  |TAMS 0x0000000709000000, 0x0000000709000000| Untracked 
| 117|0x0000000709100000, 0x0000000709100000, 0x0000000709200000|  0%| F|  |TAMS 0x0000000709100000, 0x0000000709100000| Untracked 
| 118|0x0000000709200000, 0x0000000709200000, 0x0000000709300000|  0%| F|  |TAMS 0x0000000709200000, 0x0000000709200000| Untracked 
| 119|0x0000000709300000, 0x0000000709300000, 0x0000000709400000|  0%| F|  |TAMS 0x0000000709300000, 0x0000000709300000| Untracked 
| 120|0x0000000709400000, 0x0000000709400000, 0x0000000709500000|  0%| F|  |TAMS 0x0000000709400000, 0x0000000709400000| Untracked 
| 121|0x0000000709500000, 0x0000000709500000, 0x0000000709600000|  0%| F|  |TAMS 0x0000000709500000, 0x0000000709500000| Untracked 
| 122|0x0000000709600000, 0x0000000709600000, 0x0000000709700000|  0%| F|  |TAMS 0x0000000709600000, 0x0000000709600000| Untracked 
| 123|0x0000000709700000, 0x0000000709700000, 0x0000000709800000|  0%| F|  |TAMS 0x0000000709700000, 0x0000000709700000| Untracked 
| 124|0x0000000709800000, 0x0000000709800000, 0x0000000709900000|  0%| F|  |TAMS 0x0000000709800000, 0x0000000709800000| Untracked 
| 125|0x0000000709900000, 0x0000000709900000, 0x0000000709a00000|  0%| F|  |TAMS 0x0000000709900000, 0x0000000709900000| Untracked 
| 126|0x0000000709a00000, 0x0000000709a00000, 0x0000000709b00000|  0%| F|  |TAMS 0x0000000709a00000, 0x0000000709a00000| Untracked 
| 127|0x0000000709b00000, 0x0000000709b00000, 0x0000000709c00000|  0%| F|  |TAMS 0x0000000709b00000, 0x0000000709b00000| Untracked 
| 128|0x0000000709c00000, 0x0000000709c00000, 0x0000000709d00000|  0%| F|  |TAMS 0x0000000709c00000, 0x0000000709c00000| Untracked 
| 129|0x0000000709d00000, 0x0000000709d00000, 0x0000000709e00000|  0%| F|  |TAMS 0x0000000709d00000, 0x0000000709d00000| Untracked 
| 130|0x0000000709e00000, 0x0000000709e00000, 0x0000000709f00000|  0%| F|  |TAMS 0x0000000709e00000, 0x0000000709e00000| Untracked 
| 131|0x0000000709f00000, 0x0000000709f00000, 0x000000070a000000|  0%| F|  |TAMS 0x0000000709f00000, 0x0000000709f00000| Untracked 
| 132|0x000000070a000000, 0x000000070a000000, 0x000000070a100000|  0%| F|  |TAMS 0x000000070a000000, 0x000000070a000000| Untracked 
| 133|0x000000070a100000, 0x000000070a100000, 0x000000070a200000|  0%| F|  |TAMS 0x000000070a100000, 0x000000070a100000| Untracked 
| 134|0x000000070a200000, 0x000000070a200000, 0x000000070a300000|  0%| F|  |TAMS 0x000000070a200000, 0x000000070a200000| Untracked 
| 135|0x000000070a300000, 0x000000070a300000, 0x000000070a400000|  0%| F|  |TAMS 0x000000070a300000, 0x000000070a300000| Untracked 
| 136|0x000000070a400000, 0x000000070a400000, 0x000000070a500000|  0%| F|  |TAMS 0x000000070a400000, 0x000000070a400000| Untracked 
| 137|0x000000070a500000, 0x000000070a500000, 0x000000070a600000|  0%| F|  |TAMS 0x000000070a500000, 0x000000070a500000| Untracked 
| 138|0x000000070a600000, 0x000000070a600000, 0x000000070a700000|  0%| F|  |TAMS 0x000000070a600000, 0x000000070a600000| Untracked 
| 139|0x000000070a700000, 0x000000070a700000, 0x000000070a800000|  0%| F|  |TAMS 0x000000070a700000, 0x000000070a700000| Untracked 
| 140|0x000000070a800000, 0x000000070a800000, 0x000000070a900000|  0%| F|  |TAMS 0x000000070a800000, 0x000000070a800000| Untracked 
| 141|0x000000070a900000, 0x000000070a900000, 0x000000070aa00000|  0%| F|  |TAMS 0x000000070a900000, 0x000000070a900000| Untracked 
| 142|0x000000070aa00000, 0x000000070aa00000, 0x000000070ab00000|  0%| F|  |TAMS 0x000000070aa00000, 0x000000070aa00000| Untracked 
| 143|0x000000070ab00000, 0x000000070ab00000, 0x000000070ac00000|  0%| F|  |TAMS 0x000000070ab00000, 0x000000070ab00000| Untracked 
| 144|0x000000070ac00000, 0x000000070ac00000, 0x000000070ad00000|  0%| F|  |TAMS 0x000000070ac00000, 0x000000070ac00000| Untracked 
| 145|0x000000070ad00000, 0x000000070ad00000, 0x000000070ae00000|  0%| F|  |TAMS 0x000000070ad00000, 0x000000070ad00000| Untracked 
| 146|0x000000070ae00000, 0x000000070ae00000, 0x000000070af00000|  0%| F|  |TAMS 0x000000070ae00000, 0x000000070ae00000| Untracked 
| 147|0x000000070af00000, 0x000000070af00000, 0x000000070b000000|  0%| F|  |TAMS 0x000000070af00000, 0x000000070af00000| Untracked 
| 148|0x000000070b000000, 0x000000070b000000, 0x000000070b100000|  0%| F|  |TAMS 0x000000070b000000, 0x000000070b000000| Untracked 
| 149|0x000000070b100000, 0x000000070b100000, 0x000000070b200000|  0%| F|  |TAMS 0x000000070b100000, 0x000000070b100000| Untracked 
| 150|0x000000070b200000, 0x000000070b200000, 0x000000070b300000|  0%| F|  |TAMS 0x000000070b200000, 0x000000070b200000| Untracked 
| 151|0x000000070b300000, 0x000000070b300000, 0x000000070b400000|  0%| F|  |TAMS 0x000000070b300000, 0x000000070b300000| Untracked 
| 152|0x000000070b400000, 0x000000070b400000, 0x000000070b500000|  0%| F|  |TAMS 0x000000070b400000, 0x000000070b400000| Untracked 
| 153|0x000000070b500000, 0x000000070b500000, 0x000000070b600000|  0%| F|  |TAMS 0x000000070b500000, 0x000000070b500000| Untracked 
| 154|0x000000070b600000, 0x000000070b600000, 0x000000070b700000|  0%| F|  |TAMS 0x000000070b600000, 0x000000070b600000| Untracked 
| 155|0x000000070b700000, 0x000000070b700000, 0x000000070b800000|  0%| F|  |TAMS 0x000000070b700000, 0x000000070b700000| Untracked 
| 156|0x000000070b800000, 0x000000070b800000, 0x000000070b900000|  0%| F|  |TAMS 0x000000070b800000, 0x000000070b800000| Untracked 
| 157|0x000000070b900000, 0x000000070b900000, 0x000000070ba00000|  0%| F|  |TAMS 0x000000070b900000, 0x000000070b900000| Untracked 
| 158|0x000000070ba00000, 0x000000070ba00000, 0x000000070bb00000|  0%| F|  |TAMS 0x000000070ba00000, 0x000000070ba00000| Untracked 
| 159|0x000000070bb00000, 0x000000070bb00000, 0x000000070bc00000|  0%| F|  |TAMS 0x000000070bb00000, 0x000000070bb00000| Untracked 
| 160|0x000000070bc00000, 0x000000070bc00000, 0x000000070bd00000|  0%| F|  |TAMS 0x000000070bc00000, 0x000000070bc00000| Untracked 
| 161|0x000000070bd00000, 0x000000070bd00000, 0x000000070be00000|  0%| F|  |TAMS 0x000000070bd00000, 0x000000070bd00000| Untracked 
| 162|0x000000070be00000, 0x000000070be00000, 0x000000070bf00000|  0%| F|  |TAMS 0x000000070be00000, 0x000000070be00000| Untracked 
| 163|0x000000070bf00000, 0x000000070bf00000, 0x000000070c000000|  0%| F|  |TAMS 0x000000070bf00000, 0x000000070bf00000| Untracked 
| 164|0x000000070c000000, 0x000000070c000000, 0x000000070c100000|  0%| F|  |TAMS 0x000000070c000000, 0x000000070c000000| Untracked 
| 165|0x000000070c100000, 0x000000070c100000, 0x000000070c200000|  0%| F|  |TAMS 0x000000070c100000, 0x000000070c100000| Untracked 
| 166|0x000000070c200000, 0x000000070c200000, 0x000000070c300000|  0%| F|  |TAMS 0x000000070c200000, 0x000000070c200000| Untracked 
| 167|0x000000070c300000, 0x000000070c300000, 0x000000070c400000|  0%| F|  |TAMS 0x000000070c300000, 0x000000070c300000| Untracked 
| 168|0x000000070c400000, 0x000000070c400000, 0x000000070c500000|  0%| F|  |TAMS 0x000000070c400000, 0x000000070c400000| Untracked 
| 169|0x000000070c500000, 0x000000070c500000, 0x000000070c600000|  0%| F|  |TAMS 0x000000070c500000, 0x000000070c500000| Untracked 
| 170|0x000000070c600000, 0x000000070c600000, 0x000000070c700000|  0%| F|  |TAMS 0x000000070c600000, 0x000000070c600000| Untracked 
| 171|0x000000070c700000, 0x000000070c700000, 0x000000070c800000|  0%| F|  |TAMS 0x000000070c700000, 0x000000070c700000| Untracked 
| 172|0x000000070c800000, 0x000000070c800000, 0x000000070c900000|  0%| F|  |TAMS 0x000000070c800000, 0x000000070c800000| Untracked 
| 173|0x000000070c900000, 0x000000070c900000, 0x000000070ca00000|  0%| F|  |TAMS 0x000000070c900000, 0x000000070c900000| Untracked 
| 174|0x000000070ca00000, 0x000000070ca00000, 0x000000070cb00000|  0%| F|  |TAMS 0x000000070ca00000, 0x000000070ca00000| Untracked 
| 175|0x000000070cb00000, 0x000000070cb00000, 0x000000070cc00000|  0%| F|  |TAMS 0x000000070cb00000, 0x000000070cb00000| Untracked 
| 176|0x000000070cc00000, 0x000000070cc00000, 0x000000070cd00000|  0%| F|  |TAMS 0x000000070cc00000, 0x000000070cc00000| Untracked 
| 177|0x000000070cd00000, 0x000000070cd00000, 0x000000070ce00000|  0%| F|  |TAMS 0x000000070cd00000, 0x000000070cd00000| Untracked 
| 178|0x000000070ce00000, 0x000000070ce00000, 0x000000070cf00000|  0%| F|  |TAMS 0x000000070ce00000, 0x000000070ce00000| Untracked 
| 179|0x000000070cf00000, 0x000000070cf00000, 0x000000070d000000|  0%| F|  |TAMS 0x000000070cf00000, 0x000000070cf00000| Untracked 
| 180|0x000000070d000000, 0x000000070d000000, 0x000000070d100000|  0%| F|  |TAMS 0x000000070d000000, 0x000000070d000000| Untracked 
| 181|0x000000070d100000, 0x000000070d100000, 0x000000070d200000|  0%| F|  |TAMS 0x000000070d100000, 0x000000070d100000| Untracked 
| 182|0x000000070d200000, 0x000000070d200000, 0x000000070d300000|  0%| F|  |TAMS 0x000000070d200000, 0x000000070d200000| Untracked 
| 183|0x000000070d300000, 0x000000070d300000, 0x000000070d400000|  0%| F|  |TAMS 0x000000070d300000, 0x000000070d300000| Untracked 
| 184|0x000000070d400000, 0x000000070d400000, 0x000000070d500000|  0%| F|  |TAMS 0x000000070d400000, 0x000000070d400000| Untracked 
| 185|0x000000070d500000, 0x000000070d500000, 0x000000070d600000|  0%| F|  |TAMS 0x000000070d500000, 0x000000070d500000| Untracked 
| 186|0x000000070d600000, 0x000000070d600000, 0x000000070d700000|  0%| F|  |TAMS 0x000000070d600000, 0x000000070d600000| Untracked 
| 187|0x000000070d700000, 0x000000070d700000, 0x000000070d800000|  0%| F|  |TAMS 0x000000070d700000, 0x000000070d700000| Untracked 
| 188|0x000000070d800000, 0x000000070d800000, 0x000000070d900000|  0%| F|  |TAMS 0x000000070d800000, 0x000000070d800000| Untracked 
| 189|0x000000070d900000, 0x000000070d900000, 0x000000070da00000|  0%| F|  |TAMS 0x000000070d900000, 0x000000070d900000| Untracked 
| 190|0x000000070da00000, 0x000000070da00000, 0x000000070db00000|  0%| F|  |TAMS 0x000000070da00000, 0x000000070da00000| Untracked 
| 191|0x000000070db00000, 0x000000070db00000, 0x000000070dc00000|  0%| F|  |TAMS 0x000000070db00000, 0x000000070db00000| Untracked 
| 192|0x000000070dc00000, 0x000000070dc00000, 0x000000070dd00000|  0%| F|  |TAMS 0x000000070dc00000, 0x000000070dc00000| Untracked 
| 193|0x000000070dd00000, 0x000000070dd00000, 0x000000070de00000|  0%| F|  |TAMS 0x000000070dd00000, 0x000000070dd00000| Untracked 
| 194|0x000000070de00000, 0x000000070de00000, 0x000000070df00000|  0%| F|  |TAMS 0x000000070de00000, 0x000000070de00000| Untracked 
| 195|0x000000070df00000, 0x000000070df00000, 0x000000070e000000|  0%| F|  |TAMS 0x000000070df00000, 0x000000070df00000| Untracked 
| 196|0x000000070e000000, 0x000000070e000000, 0x000000070e100000|  0%| F|  |TAMS 0x000000070e000000, 0x000000070e000000| Untracked 
| 197|0x000000070e100000, 0x000000070e100000, 0x000000070e200000|  0%| F|  |TAMS 0x000000070e100000, 0x000000070e100000| Untracked 
| 198|0x000000070e200000, 0x000000070e200000, 0x000000070e300000|  0%| F|  |TAMS 0x000000070e200000, 0x000000070e200000| Untracked 
| 199|0x000000070e300000, 0x000000070e300000, 0x000000070e400000|  0%| F|  |TAMS 0x000000070e300000, 0x000000070e300000| Untracked 
| 200|0x000000070e400000, 0x000000070e400000, 0x000000070e500000|  0%| F|  |TAMS 0x000000070e400000, 0x000000070e400000| Untracked 
| 201|0x000000070e500000, 0x000000070e500000, 0x000000070e600000|  0%| F|  |TAMS 0x000000070e500000, 0x000000070e500000| Untracked 
| 202|0x000000070e600000, 0x000000070e600000, 0x000000070e700000|  0%| F|  |TAMS 0x000000070e600000, 0x000000070e600000| Untracked 
| 203|0x000000070e700000, 0x000000070e700000, 0x000000070e800000|  0%| F|  |TAMS 0x000000070e700000, 0x000000070e700000| Untracked 
| 204|0x000000070e800000, 0x000000070e800000, 0x000000070e900000|  0%| F|  |TAMS 0x000000070e800000, 0x000000070e800000| Untracked 
| 205|0x000000070e900000, 0x000000070e900000, 0x000000070ea00000|  0%| F|  |TAMS 0x000000070e900000, 0x000000070e900000| Untracked 
| 206|0x000000070ea00000, 0x000000070ea00000, 0x000000070eb00000|  0%| F|  |TAMS 0x000000070ea00000, 0x000000070ea00000| Untracked 
| 207|0x000000070eb00000, 0x000000070eb00000, 0x000000070ec00000|  0%| F|  |TAMS 0x000000070eb00000, 0x000000070eb00000| Untracked 
| 208|0x000000070ec00000, 0x000000070ec00000, 0x000000070ed00000|  0%| F|  |TAMS 0x000000070ec00000, 0x000000070ec00000| Untracked 
| 209|0x000000070ed00000, 0x000000070ed00000, 0x000000070ee00000|  0%| F|  |TAMS 0x000000070ed00000, 0x000000070ed00000| Untracked 
| 210|0x000000070ee00000, 0x000000070ee00000, 0x000000070ef00000|  0%| F|  |TAMS 0x000000070ee00000, 0x000000070ee00000| Untracked 
| 211|0x000000070ef00000, 0x000000070ef00000, 0x000000070f000000|  0%| F|  |TAMS 0x000000070ef00000, 0x000000070ef00000| Untracked 
| 212|0x000000070f000000, 0x000000070f000000, 0x000000070f100000|  0%| F|  |TAMS 0x000000070f000000, 0x000000070f000000| Untracked 
| 213|0x000000070f100000, 0x000000070f100000, 0x000000070f200000|  0%| F|  |TAMS 0x000000070f100000, 0x000000070f100000| Untracked 
| 214|0x000000070f200000, 0x000000070f200000, 0x000000070f300000|  0%| F|  |TAMS 0x000000070f200000, 0x000000070f200000| Untracked 
| 215|0x000000070f300000, 0x000000070f300000, 0x000000070f400000|  0%| F|  |TAMS 0x000000070f300000, 0x000000070f300000| Untracked 
| 216|0x000000070f400000, 0x000000070f400000, 0x000000070f500000|  0%| F|  |TAMS 0x000000070f400000, 0x000000070f400000| Untracked 
| 217|0x000000070f500000, 0x000000070f500000, 0x000000070f600000|  0%| F|  |TAMS 0x000000070f500000, 0x000000070f500000| Untracked 
| 218|0x000000070f600000, 0x000000070f600000, 0x000000070f700000|  0%| F|  |TAMS 0x000000070f600000, 0x000000070f600000| Untracked 
| 219|0x000000070f700000, 0x000000070f700000, 0x000000070f800000|  0%| F|  |TAMS 0x000000070f700000, 0x000000070f700000| Untracked 
| 220|0x000000070f800000, 0x000000070f800000, 0x000000070f900000|  0%| F|  |TAMS 0x000000070f800000, 0x000000070f800000| Untracked 
| 221|0x000000070f900000, 0x000000070f900000, 0x000000070fa00000|  0%| F|  |TAMS 0x000000070f900000, 0x000000070f900000| Untracked 
| 222|0x000000070fa00000, 0x000000070fa00000, 0x000000070fb00000|  0%| F|  |TAMS 0x000000070fa00000, 0x000000070fa00000| Untracked 
| 223|0x000000070fb00000, 0x000000070fb00000, 0x000000070fc00000|  0%| F|  |TAMS 0x000000070fb00000, 0x000000070fb00000| Untracked 
| 224|0x000000070fc00000, 0x000000070fc541d0, 0x000000070fd00000| 32%| S|CS|TAMS 0x000000070fc00000, 0x000000070fc00000| Complete 
| 225|0x000000070fd00000, 0x000000070fe00000, 0x000000070fe00000|100%| S|CS|TAMS 0x000000070fd00000, 0x000000070fd00000| Complete 
| 226|0x000000070fe00000, 0x000000070ff00000, 0x000000070ff00000|100%| S|CS|TAMS 0x000000070fe00000, 0x000000070fe00000| Complete 
| 227|0x000000070ff00000, 0x0000000710000000, 0x0000000710000000|100%| S|CS|TAMS 0x000000070ff00000, 0x000000070ff00000| Complete 
| 228|0x0000000710000000, 0x0000000710000000, 0x0000000710100000|  0%| F|  |TAMS 0x0000000710000000, 0x0000000710000000| Untracked 
| 229|0x0000000710100000, 0x0000000710100000, 0x0000000710200000|  0%| F|  |TAMS 0x0000000710100000, 0x0000000710100000| Untracked 
| 230|0x0000000710200000, 0x0000000710280800, 0x0000000710300000| 50%| E|  |TAMS 0x0000000710200000, 0x0000000710200000| Complete 
| 231|0x0000000710300000, 0x0000000710400000, 0x0000000710400000|100%| E|CS|TAMS 0x0000000710300000, 0x0000000710300000| Complete 
| 232|0x0000000710400000, 0x0000000710500000, 0x0000000710500000|100%| E|CS|TAMS 0x0000000710400000, 0x0000000710400000| Complete 
| 233|0x0000000710500000, 0x0000000710600000, 0x0000000710600000|100%| E|CS|TAMS 0x0000000710500000, 0x0000000710500000| Complete 
| 234|0x0000000710600000, 0x0000000710700000, 0x0000000710700000|100%| E|CS|TAMS 0x0000000710600000, 0x0000000710600000| Complete 
| 235|0x0000000710700000, 0x0000000710800000, 0x0000000710800000|100%| E|CS|TAMS 0x0000000710700000, 0x0000000710700000| Complete 
| 236|0x0000000710800000, 0x0000000710900000, 0x0000000710900000|100%| E|CS|TAMS 0x0000000710800000, 0x0000000710800000| Complete 
| 237|0x0000000710900000, 0x0000000710a00000, 0x0000000710a00000|100%| E|CS|TAMS 0x0000000710900000, 0x0000000710900000| Complete 
| 238|0x0000000710a00000, 0x0000000710b00000, 0x0000000710b00000|100%| E|CS|TAMS 0x0000000710a00000, 0x0000000710a00000| Complete 
| 239|0x0000000710b00000, 0x0000000710c00000, 0x0000000710c00000|100%| E|CS|TAMS 0x0000000710b00000, 0x0000000710b00000| Complete 
| 240|0x0000000710c00000, 0x0000000710d00000, 0x0000000710d00000|100%| E|CS|TAMS 0x0000000710c00000, 0x0000000710c00000| Complete 
| 241|0x0000000710d00000, 0x0000000710e00000, 0x0000000710e00000|100%| E|CS|TAMS 0x0000000710d00000, 0x0000000710d00000| Complete 
| 242|0x0000000710e00000, 0x0000000710f00000, 0x0000000710f00000|100%| E|CS|TAMS 0x0000000710e00000, 0x0000000710e00000| Complete 
| 243|0x0000000710f00000, 0x0000000711000000, 0x0000000711000000|100%| E|CS|TAMS 0x0000000710f00000, 0x0000000710f00000| Complete 
| 244|0x0000000711000000, 0x0000000711100000, 0x0000000711100000|100%| E|CS|TAMS 0x0000000711000000, 0x0000000711000000| Complete 
| 245|0x0000000711100000, 0x0000000711200000, 0x0000000711200000|100%| E|CS|TAMS 0x0000000711100000, 0x0000000711100000| Complete 
| 246|0x0000000711200000, 0x0000000711300000, 0x0000000711300000|100%| E|CS|TAMS 0x0000000711200000, 0x0000000711200000| Complete 
| 247|0x0000000711300000, 0x0000000711400000, 0x0000000711400000|100%| E|CS|TAMS 0x0000000711300000, 0x0000000711300000| Complete 
| 248|0x0000000711400000, 0x0000000711500000, 0x0000000711500000|100%| E|CS|TAMS 0x0000000711400000, 0x0000000711400000| Complete 
| 249|0x0000000711500000, 0x0000000711600000, 0x0000000711600000|100%| E|CS|TAMS 0x0000000711500000, 0x0000000711500000| Complete 
| 250|0x0000000711600000, 0x0000000711700000, 0x0000000711700000|100%| E|CS|TAMS 0x0000000711600000, 0x0000000711600000| Complete 
| 251|0x0000000711700000, 0x0000000711800000, 0x0000000711800000|100%| E|CS|TAMS 0x0000000711700000, 0x0000000711700000| Complete 
| 252|0x0000000711800000, 0x0000000711900000, 0x0000000711900000|100%| E|CS|TAMS 0x0000000711800000, 0x0000000711800000| Complete 
| 253|0x0000000711900000, 0x0000000711a00000, 0x0000000711a00000|100%| E|CS|TAMS 0x0000000711900000, 0x0000000711900000| Complete 
| 254|0x0000000711a00000, 0x0000000711b00000, 0x0000000711b00000|100%| E|CS|TAMS 0x0000000711a00000, 0x0000000711a00000| Complete 
| 255|0x0000000711b00000, 0x0000000711c00000, 0x0000000711c00000|100%| E|CS|TAMS 0x0000000711b00000, 0x0000000711b00000| Complete 

Card table byte_map: [0x000001d12de50000,0x000001d12e650000] _byte_map_base: 0x000001d12a642000

Marking Bits (Prev, Next): (CMBitMap*) 0x000001d1161cc558, (CMBitMap*) 0x000001d1161cc598
 Prev Bits: [0x000001d12ee50000, 0x000001d132de0000)
 Next Bits: [0x000001d132de0000, 0x000001d136d70000)

Polling page: 0x000001d115920000

Metaspace:

Usage:
  Non-class:     13.58 MB capacity,    13.38 MB ( 99%) used,   180.48 KB (  1%) free+waste,    26.56 KB ( <1%) overhead. 
      Class:      2.10 MB capacity,     2.01 MB ( 96%) used,    79.48 KB (  4%) free+waste,    12.69 KB ( <1%) overhead. 
       Both:     15.68 MB capacity,    15.38 MB ( 98%) used,   259.97 KB (  2%) free+waste,    39.25 KB ( <1%) overhead. 

Virtual space:
  Non-class space:       14.00 MB reserved,      13.75 MB ( 98%) committed 
      Class space:        1.00 GB reserved,       2.13 MB ( <1%) committed 
             Both:        1.01 GB reserved,      15.88 MB (  2%) committed 

Chunk freelists:
   Non-Class:  48.00 KB
       Class:  28.00 KB
        Both:  76.00 KB

MaxMetaspaceSize: 17179869184.00 GB
CompressedClassSpaceSize: 1.00 GB

CodeHeap 'non-profiled nmethods': size=120064Kb used=1036Kb max_used=1036Kb free=119027Kb
 bounds [0x000001d126110000, 0x000001d126380000, 0x000001d12d650000]
CodeHeap 'profiled nmethods': size=120000Kb used=5131Kb max_used=5131Kb free=114868Kb
 bounds [0x000001d11ebe0000, 0x000001d11f0f0000, 0x000001d126110000]
CodeHeap 'non-nmethods': size=5696Kb used=1301Kb max_used=1323Kb free=4394Kb
 bounds [0x000001d11e650000, 0x000001d11e8c0000, 0x000001d11ebe0000]
 total_blobs=3633 nmethods=2335 adapters=395
 compilation: enabled
              stopped_count=0, restarted_count=0
 full_count=0

Compilation events (20 events):
Event: 255.926 Thread 0x000001d139b39000 2326       3       java.lang.StringUTF16$CharsSpliterator::estimateSize (11 bytes)
Event: 255.926 Thread 0x000001d139b39000 nmethod 2326 0x000001d11f0da410 code [0x000001d11f0da5a0, 0x000001d11f0da738]
Event: 255.950 Thread 0x000001d139b39000 2327       3       jdk.internal.misc.Unsafe::checkOffset (32 bytes)
Event: 255.951 Thread 0x000001d139b39000 nmethod 2327 0x000001d11f0da810 code [0x000001d11f0da9e0, 0x000001d11f0dacf0]
Event: 255.952 Thread 0x000001d139b39000 2328   !   3       java.util.Locale::getDefault (132 bytes)
Event: 255.954 Thread 0x000001d139b39000 nmethod 2328 0x000001d11f0dae10 code [0x000001d11f0db040, 0x000001d11f0db9a0]
Event: 255.954 Thread 0x000001d139b39000 2329       3       com.google.common.collect.Maps$EntrySet::<init> (5 bytes)
Event: 255.955 Thread 0x000001d139b39000 nmethod 2329 0x000001d11f0dbc10 code [0x000001d11f0dbdc0, 0x000001d11f0dc0b8]
Event: 255.955 Thread 0x000001d139b39000 2330       3       com.google.common.collect.Maps::asEntryToEntryFunction (14 bytes)
Event: 255.956 Thread 0x000001d139b39000 nmethod 2330 0x000001d11f0dc210 code [0x000001d11f0dc3e0, 0x000001d11f0dc810]
Event: 256.000 Thread 0x000001d139b39000 2331       3       java.nio.ByteBuffer::hasArray (20 bytes)
Event: 256.001 Thread 0x000001d139b39000 nmethod 2331 0x000001d11f0dc990 code [0x000001d11f0dcb40, 0x000001d11f0dcd58]
Event: 256.001 Thread 0x000001d139b2a000 2332       4       sun.nio.cs.SingleByte$Encoder::encode (32 bytes)
Event: 256.002 Thread 0x000001d139b39000 2333   !   3       java.util.Formatter::format (280 bytes)
Event: 256.005 Thread 0x000001d139b2a000 nmethod 2332 0x000001d126212910 code [0x000001d126212aa0, 0x000001d126212c58]
Event: 256.005 Thread 0x000001d139b39000 nmethod 2333 0x000001d11f0dce10 code [0x000001d11f0dd160, 0x000001d11f0de7a0]
Event: 256.005 Thread 0x000001d139b39000 2334       3       java.util.Formatter::parse (137 bytes)
Event: 256.011 Thread 0x000001d139b39000 nmethod 2334 0x000001d11f0df190 code [0x000001d11f0df5e0, 0x000001d11f0e1a50]
Event: 256.011 Thread 0x000001d139b39000 2335       3       java.nio.CharBuffer::array (35 bytes)
Event: 256.012 Thread 0x000001d139b39000 nmethod 2335 0x000001d11f0e2790 code [0x000001d11f0e2980, 0x000001d11f0e2d00]

GC Heap History (6 events):
Event: 0.901 GC heap before
{Heap before GC invocations=0 (full 0):
 garbage-first heap   total 262144K, used 13312K [0x0000000701c00000, 0x0000000800000000)
  region size 1024K, 14 young (14336K), 0 survivors (0K)
 Metaspace       used 4332K, capacity 5502K, committed 5760K, reserved 1056768K
  class space    used 477K, capacity 577K, committed 640K, reserved 1048576K
}
Event: 0.905 GC heap after
{Heap after GC invocations=1 (full 0):
 garbage-first heap   total 262144K, used 5740K [0x0000000701c00000, 0x0000000800000000)
  region size 1024K, 2 young (2048K), 2 survivors (2048K)
 Metaspace       used 4332K, capacity 5502K, committed 5760K, reserved 1056768K
  class space    used 477K, capacity 577K, committed 640K, reserved 1048576K
}
Event: 1.041 GC heap before
{Heap before GC invocations=1 (full 0):
 garbage-first heap   total 262144K, used 15980K [0x0000000701c00000, 0x0000000800000000)
  region size 1024K, 12 young (12288K), 2 survivors (2048K)
 Metaspace       used 5246K, capacity 6334K, committed 6528K, reserved 1056768K
  class space    used 718K, capacity 833K, committed 896K, reserved 1048576K
}
Event: 1.045 GC heap after
{Heap after GC invocations=2 (full 0):
 garbage-first heap   total 262144K, used 6153K [0x0000000701c00000, 0x0000000800000000)
  region size 1024K, 1 young (1024K), 1 survivors (1024K)
 Metaspace       used 5246K, capacity 6334K, committed 6528K, reserved 1056768K
  class space    used 718K, capacity 833K, committed 896K, reserved 1048576K
}
Event: 1.783 GC heap before
{Heap before GC invocations=2 (full 0):
 garbage-first heap   total 262144K, used 33801K [0x0000000701c00000, 0x0000000800000000)
  region size 1024K, 28 young (28672K), 1 survivors (1024K)
 Metaspace       used 11393K, capacity 11670K, committed 11904K, reserved 1058816K
  class space    used 1506K, capacity 1587K, committed 1664K, reserved 1048576K
}
Event: 1.788 GC heap after
{Heap after GC invocations=3 (full 0):
 garbage-first heap   total 262144K, used 9211K [0x0000000701c00000, 0x0000000800000000)
  region size 1024K, 4 young (4096K), 4 survivors (4096K)
 Metaspace       used 11393K, capacity 11670K, committed 11904K, reserved 1058816K
  class space    used 1506K, capacity 1587K, committed 1664K, reserved 1048576K
}

Deoptimization events (20 events):
Event: 255.892 Thread 0x000001d11615f800 DEOPT PACKING pc=0x000001d11ef67d1c sp=0x000000716a1fbc70
Event: 255.892 Thread 0x000001d11615f800 DEOPT UNPACKING pc=0x000001d11e69964e sp=0x000000716a1fb1b8 mode 1
Event: 255.922 Thread 0x000001d11615f800 DEOPT PACKING pc=0x000001d11ef67d1c sp=0x000000716a1fbc70
Event: 255.923 Thread 0x000001d11615f800 DEOPT UNPACKING pc=0x000001d11e69964e sp=0x000000716a1fb1b8 mode 1
Event: 255.923 Thread 0x000001d11615f800 DEOPT PACKING pc=0x000001d11eff62a4 sp=0x000000716a1fbff0
Event: 255.923 Thread 0x000001d11615f800 DEOPT UNPACKING pc=0x000001d11e69964e sp=0x000000716a1fb568 mode 1
Event: 255.923 Thread 0x000001d11615f800 DEOPT PACKING pc=0x000001d11eff62a4 sp=0x000000716a1fbec0
Event: 255.923 Thread 0x000001d11615f800 DEOPT UNPACKING pc=0x000001d11e69964e sp=0x000000716a1fb438 mode 1
Event: 255.927 Thread 0x000001d11615f800 DEOPT PACKING pc=0x000001d11ef67d1c sp=0x000000716a1fbe00
Event: 255.927 Thread 0x000001d11615f800 DEOPT UNPACKING pc=0x000001d11e69964e sp=0x000000716a1fb348 mode 1
Event: 255.951 Thread 0x000001d11615f800 DEOPT PACKING pc=0x000001d11ef67d1c sp=0x000000716a1fbe00
Event: 255.951 Thread 0x000001d11615f800 DEOPT UNPACKING pc=0x000001d11e69964e sp=0x000000716a1fb348 mode 1
Event: 255.952 Thread 0x000001d11615f800 DEOPT PACKING pc=0x000001d11eff62a4 sp=0x000000716a1fc180
Event: 255.952 Thread 0x000001d11615f800 DEOPT UNPACKING pc=0x000001d11e69964e sp=0x000000716a1fb6f8 mode 1
Event: 255.952 Thread 0x000001d11615f800 DEOPT PACKING pc=0x000001d11eff62a4 sp=0x000000716a1fc050
Event: 255.952 Thread 0x000001d11615f800 DEOPT UNPACKING pc=0x000001d11e69964e sp=0x000000716a1fb5c8 mode 1
Event: 255.974 Thread 0x000001d11615f800 Uncommon trap: trap_request=0xffffff45 fr.pc=0x000001d1261d8bb0 relative=0x0000000000000410
Event: 255.975 Thread 0x000001d11615f800 Uncommon trap: reason=unstable_if action=reinterpret pc=0x000001d1261d8bb0 method=java.io.ByteArrayInputStream.read([BII)I @ 16 c2
Event: 255.975 Thread 0x000001d11615f800 DEOPT PACKING pc=0x000001d1261d8bb0 sp=0x000000716a1fbc60
Event: 255.975 Thread 0x000001d11615f800 DEOPT UNPACKING pc=0x000001d11e69912f sp=0x000000716a1fbc30 mode 2

Classes unloaded (0 events):
No events

Classes redefined (11 events):
Event: 456.636 Thread 0x000001d13927e800 redefined class name=stepDefinations.StepDefinitionPayments, count=1
Event: 1091.678 Thread 0x000001d13927e800 redefined class name=pages.HomePage, count=1
Event: 1427.221 Thread 0x000001d13927e800 redefined class name=stepDefinations.StepDefinitionPayments, count=2
Event: 1480.973 Thread 0x000001d13927e800 redefined class name=stepDefinations.StepDefinitionPayments, count=3
Event: 1694.713 Thread 0x000001d13927e800 redefined class name=pages.HomePage, count=2
Event: 1887.969 Thread 0x000001d13927e800 redefined class name=pages.HomePage, count=3
Event: 1953.201 Thread 0x000001d13927e800 redefined class name=pages.HomePage, count=4
Event: 2333.870 Thread 0x000001d13927e800 redefined class name=pages.HomePage, count=5
Event: 2744.660 Thread 0x000001d13927e800 redefined class name=pages.HomePage, count=6
Event: 2744.660 Thread 0x000001d13927e800 redefined class name=stepDefinations.StepDefinitionPayments, count=4
Event: 2907.813 Thread 0x000001d13927e800 redefined class name=stepDefinations.StepDefinitionPayments, count=5

Internal exceptions (20 events):
Event: 1.553 Thread 0x000001d11615f800 Exception <a 'java/lang/ClassNotFoundException'{0x00000007109f0088}: org/apache/log4j/LayoutCustomizer> (0x00000007109f0088) 
thrown [t:/workspace/open/src/hotspot/share/classfile/systemDictionary.cpp, line 232]
Event: 1.555 Thread 0x000001d11615f800 Exception <a 'java/lang/ClassNotFoundException'{0x0000000710808520}: org/apache/log4j/PatternLayoutCustomizer> (0x0000000710808520) 
thrown [t:/workspace/open/src/hotspot/share/classfile/systemDictionary.cpp, line 232]
Event: 1.557 Thread 0x000001d11615f800 Exception <a 'java/lang/ClassNotFoundException'{0x0000000710819538}: org/apache/log4j/FileAppenderBeanInfo> (0x0000000710819538) 
thrown [t:/workspace/open/src/hotspot/share/classfile/systemDictionary.cpp, line 232]
Event: 1.557 Thread 0x000001d11615f800 Exception <a 'java/lang/ClassNotFoundException'{0x0000000710824e60}: org/apache/log4j/WriterAppenderBeanInfo> (0x0000000710824e60) 
thrown [t:/workspace/open/src/hotspot/share/classfile/systemDictionary.cpp, line 232]
Event: 1.558 Thread 0x000001d11615f800 Exception <a 'java/lang/ClassNotFoundException'{0x0000000710830ab0}: org/apache/log4j/AppenderSkeletonBeanInfo> (0x0000000710830ab0) 
thrown [t:/workspace/open/src/hotspot/share/classfile/systemDictionary.cpp, line 232]
Event: 1.558 Thread 0x000001d11615f800 Exception <a 'java/lang/ClassNotFoundException'{0x000000071083d400}: org/apache/log4j/AppenderSkeletonCustomizer> (0x000000071083d400) 
thrown [t:/workspace/open/src/hotspot/share/classfile/systemDictionary.cpp, line 232]
Event: 1.562 Thread 0x000001d11615f800 Exception <a 'java/lang/ClassNotFoundException'{0x0000000710857028}: org/apache/log4j/WriterAppenderCustomizer> (0x0000000710857028) 
thrown [t:/workspace/open/src/hotspot/share/classfile/systemDictionary.cpp, line 232]
Event: 1.566 Thread 0x000001d11615f800 Exception <a 'java/lang/ClassNotFoundException'{0x000000071086c6c0}: org/apache/log4j/FileAppenderCustomizer> (0x000000071086c6c0) 
thrown [t:/workspace/open/src/hotspot/share/classfile/systemDictionary.cpp, line 232]
Event: 1.604 Thread 0x000001d11615f800 Exception <a 'java/net/SocketException'{0x00000007107eb158}: Socket is not connected: shutdown> (0x00000007107eb158) 
thrown [t:/workspace/open/src/hotspot/share/prims/jni.cpp, line 619]
Event: 1.695 Thread 0x000001d11615f800 Exception <a 'java/lang/NoSuchMethodError'{0x00000007104df6a8}: 'java.lang.Object java.lang.invoke.DirectMethodHandle$Holder.invokeStaticInit(java.lang.Object, int, int, int, int)'> (0x00000007104df6a8) 
thrown [t:/workspace/open/src/hotspot/share/interpreter/linkResolver.cpp, line 767]
Event: 1.696 Thread 0x000001d11615f800 Exception <a 'sun/nio/fs/WindowsException'{0x00000007104e5688}> (0x00000007104e5688) 
thrown [t:/workspace/open/src/hotspot/share/prims/jni.cpp, line 598]
Event: 1.705 Thread 0x000001d11615f800 Exception <a 'java/lang/NoSuchMethodError'{0x0000000710304d90}: 'int java.lang.invoke.DirectMethodHandle$Holder.invokeStaticInit(java.lang.Object, java.lang.Object, java.lang.Object, java.lang.Object)'> (0x0000000710304d90) 
thrown [t:/workspace/open/src/hotspot/share/interpreter/linkResolver.cpp, line 767]
Event: 1.706 Thread 0x000001d11615f800 Exception <a 'java/lang/IncompatibleClassChangeError'{0x000000071030d9a8}: Found class java.lang.Object, but interface was expected> (0x000000071030d9a8) 
thrown [t:/workspace/open/src/hotspot/share/interpreter/linkResolver.cpp, line 833]
Event: 1.706 Thread 0x000001d11615f800 Exception <a 'java/lang/NoSuchMethodError'{0x0000000710310b70}: 'void java.lang.invoke.DirectMethodHandle$Holder.invokeStaticInit(java.lang.Object, java.lang.Object)'> (0x0000000710310b70) 
thrown [t:/workspace/open/src/hotspot/share/interpreter/linkResolver.cpp, line 767]
Event: 1.707 Thread 0x000001d11615f800 Exception <a 'java/lang/NoSuchMethodError'{0x0000000710315d38}: 'int java.lang.invoke.DirectMethodHandle$Holder.invokeStaticInit(java.lang.Object, java.lang.Object)'> (0x0000000710315d38) 
thrown [t:/workspace/open/src/hotspot/share/interpreter/linkResolver.cpp, line 767]
Event: 1.973 Thread 0x000001d11615f800 Exception <a 'java/lang/NoSuchMethodError'{0x0000000711ae97e8}: 'java.lang.Object java.lang.invoke.DirectMethodHandle$Holder.invokeStaticInit(java.lang.Object, java.lang.Object, int, int, int, int)'> (0x0000000711ae97e8) 
thrown [t:/workspace/open/src/hotspot/share/interpreter/linkResolver.cpp, line 767]
Event: 2.103 Thread 0x000001d13a6b7800 Exception <a 'java/lang/NoSuchMethodError'{0x00000007112120c8}: 'void java.lang.invoke.DirectMethodHandle$Holder.invokeStatic(java.lang.Object, long)'> (0x00000007112120c8) 
thrown [t:/workspace/open/src/hotspot/share/interpreter/linkResolver.cpp, line 767]
Event: 2.106 Thread 0x000001d13a6b7800 Exception <a 'java/lang/NoSuchMethodError'{0x000000071121c310}: 'java.lang.Object java.lang.invoke.DirectMethodHandle$Holder.invokeStaticInit(java.lang.Object, java.lang.Object, long, java.lang.Object)'> (0x000000071121c310) 
thrown [t:/workspace/open/src/hotspot/share/interpreter/linkResolver.cpp, line 767]
Event: 2.107 Thread 0x000001d13a6b7800 Exception <a 'java/lang/NoSuchMethodError'{0x0000000711221948}: 'java.lang.Object java.lang.invoke.Invokers$Holder.linkToTargetMethod(java.lang.Object, long, java.lang.Object)'> (0x0000000711221948) 
thrown [t:/workspace/open/src/hotspot/share/interpreter/linkResolver.cpp, line 767]
Event: 235.507 Thread 0x000001d11615f800 Exception <a 'java/lang/ClassNotFoundException'{0x000000071066c318}: sun/misc/SharedSecrets> (0x000000071066c318) 
thrown [t:/workspace/open/src/hotspot/share/classfile/systemDictionary.cpp, line 232]

Events (20 events):
Event: 2744.714 Executing VM operation: GetFrameCount done
Event: 2744.715 Executing VM operation: GetOwnedMonitorInfo
Event: 2744.716 Executing VM operation: GetOwnedMonitorInfo done
Event: 2744.716 Executing VM operation: GetCurrentContendedMonitor
Event: 2744.716 Executing VM operation: GetCurrentContendedMonitor done
Event: 2907.808 Executing VM operation: RedefineClasses
Event: 2907.821 Executing VM operation: RedefineClasses done
Event: 2907.832 Executing VM operation: ChangeBreakpoints
Event: 2907.833 Executing VM operation: ChangeBreakpoints done
Event: 2907.838 Executing VM operation: GetFrameCount
Event: 2907.838 Executing VM operation: GetFrameCount done
Event: 2907.838 Executing VM operation: GetStackTrace
Event: 2907.838 Executing VM operation: GetStackTrace done
Event: 2907.868 Executing VM operation: GetFrameCount
Event: 2907.868 Executing VM operation: GetFrameCount done
Event: 2907.870 Executing VM operation: GetOwnedMonitorInfo
Event: 2907.870 Executing VM operation: GetOwnedMonitorInfo done
Event: 2907.871 Executing VM operation: GetCurrentContendedMonitor
Event: 2907.871 Executing VM operation: GetCurrentContendedMonitor done
Event: 3059.780 Executing VM operation: RedefineClasses


Dynamic libraries:
0x00007ff6813c0000 - 0x00007ff6813cf000 	C:\Program Files\Java\jdk-13.0.1\bin\javaw.exe
0x00007ffc94280000 - 0x00007ffc94470000 	C:\WINDOWS\SYSTEM32\ntdll.dll
0x00007ffc93030000 - 0x00007ffc930e2000 	C:\WINDOWS\System32\KERNEL32.DLL
0x00007ffc916c0000 - 0x00007ffc91965000 	C:\WINDOWS\System32\KERNELBASE.dll
0x00007ffc912a0000 - 0x00007ffc9139a000 	C:\WINDOWS\System32\ucrtbase.dll
0x00007ffc82620000 - 0x00007ffc82638000 	C:\Program Files\Java\jdk-13.0.1\bin\jli.dll
0x00007ffc92f60000 - 0x00007ffc93003000 	C:\WINDOWS\System32\ADVAPI32.dll
0x00007ffc93830000 - 0x00007ffc938ce000 	C:\WINDOWS\System32\msvcrt.dll
0x00007ffc92a60000 - 0x00007ffc92af7000 	C:\WINDOWS\System32\sechost.dll
0x00007ffc92910000 - 0x00007ffc92a2f000 	C:\WINDOWS\System32\RPCRT4.dll
0x00007ffc94090000 - 0x00007ffc94224000 	C:\WINDOWS\System32\USER32.dll
0x00007ffc922e0000 - 0x00007ffc92301000 	C:\WINDOWS\System32\win32u.dll
0x00007ffc92330000 - 0x00007ffc92356000 	C:\WINDOWS\System32\GDI32.dll
0x00007ffc91520000 - 0x00007ffc916b8000 	C:\WINDOWS\System32\gdi32full.dll
0x00007ffc91200000 - 0x00007ffc9129e000 	C:\WINDOWS\System32\msvcp_win.dll
0x00007ffc73e20000 - 0x00007ffc740a4000 	C:\WINDOWS\WinSxS\amd64_microsoft.windows.common-controls_6595b64144ccf1df_6.0.18362.1379_none_9e7ff3b3e45cc0c4\COMCTL32.dll
0x00007ffc92360000 - 0x00007ffc92697000 	C:\WINDOWS\System32\combase.dll
0x00007ffc91ad0000 - 0x00007ffc91b51000 	C:\WINDOWS\System32\bcryptPrimitives.dll
0x00007ffc853f0000 - 0x00007ffc853fa000 	C:\WINDOWS\SYSTEM32\VERSION.dll
0x00007ffc7b490000 - 0x00007ffc7b4a5000 	C:\Program Files\Java\jdk-13.0.1\bin\VCRUNTIME140.dll
0x00007ffc92a30000 - 0x00007ffc92a5e000 	C:\WINDOWS\System32\IMM32.DLL
0x00007ffc6e740000 - 0x00007ffc6e7db000 	C:\Program Files\Java\jdk-13.0.1\bin\msvcp140.dll
0x00007ffc298d0000 - 0x00007ffc2a436000 	C:\Program Files\Java\jdk-13.0.1\bin\server\jvm.dll
0x00007ffc94230000 - 0x00007ffc94238000 	C:\WINDOWS\System32\PSAPI.DLL
0x00007ffc73070000 - 0x00007ffc73079000 	C:\WINDOWS\SYSTEM32\WSOCK32.dll
0x00007ffc92bf0000 - 0x00007ffc92c5f000 	C:\WINDOWS\System32\WS2_32.dll
0x00007ffc82330000 - 0x00007ffc82354000 	C:\WINDOWS\SYSTEM32\WINMM.dll
0x00007ffc82300000 - 0x00007ffc8232d000 	C:\WINDOWS\SYSTEM32\WINMMBASE.dll
0x00007ffc91970000 - 0x00007ffc919ba000 	C:\WINDOWS\System32\cfgmgr32.dll
0x00007ffc911e0000 - 0x00007ffc911f1000 	C:\WINDOWS\System32\kernel.appcore.dll
0x00007ffc824e0000 - 0x00007ffc824f0000 	C:\Program Files\Java\jdk-13.0.1\bin\verify.dll
0x00007ffc8fae0000 - 0x00007ffc8fcd4000 	C:\WINDOWS\SYSTEM32\DBGHELP.DLL
0x00007ffc7c340000 - 0x00007ffc7c36a000 	C:\WINDOWS\SYSTEM32\dbgcore.DLL
0x00007ffc824b0000 - 0x00007ffc824d6000 	C:\Program Files\Java\jdk-13.0.1\bin\java.dll
0x00007ffc6e470000 - 0x00007ffc6e4a8000 	C:\Program Files\Java\jdk-13.0.1\bin\jdwp.dll
0x00007ffc82530000 - 0x00007ffc8253e000 	C:\Program Files\Java\jdk-13.0.1\bin\instrument.dll
0x00007ffc81fc0000 - 0x00007ffc81fd7000 	C:\Program Files\Java\jdk-13.0.1\bin\zip.dll
0x00007ffc7b550000 - 0x00007ffc7b55a000 	C:\Program Files\Java\jdk-13.0.1\bin\jimage.dll
0x00007ffc939a0000 - 0x00007ffc94088000 	C:\WINDOWS\System32\SHELL32.dll
0x00007ffc926a0000 - 0x00007ffc92747000 	C:\WINDOWS\System32\shcore.dll
0x00007ffc91b60000 - 0x00007ffc922db000 	C:\WINDOWS\System32\windows.storage.dll
0x00007ffc91140000 - 0x00007ffc91163000 	C:\WINDOWS\System32\profapi.dll
0x00007ffc91170000 - 0x00007ffc911ba000 	C:\WINDOWS\System32\powrprof.dll
0x00007ffc91130000 - 0x00007ffc91140000 	C:\WINDOWS\System32\UMPDC.dll
0x00007ffc92b10000 - 0x00007ffc92b62000 	C:\WINDOWS\System32\shlwapi.dll
0x00007ffc92310000 - 0x00007ffc92327000 	C:\WINDOWS\System32\cryptsp.dll
0x00007ffc7b6e0000 - 0x00007ffc7b6eb000 	C:\Program Files\Java\jdk-13.0.1\bin\dt_socket.dll
0x00007ffc90970000 - 0x00007ffc909d7000 	C:\WINDOWS\system32\mswsock.dll
0x00007ffc906c0000 - 0x00007ffc9078b000 	C:\WINDOWS\SYSTEM32\DNSAPI.dll
0x00007ffc92f50000 - 0x00007ffc92f58000 	C:\WINDOWS\System32\NSI.dll
0x00007ffc90680000 - 0x00007ffc906ba000 	C:\WINDOWS\SYSTEM32\IPHLPAPI.DLL
0x00007ffc870c0000 - 0x00007ffc870ca000 	C:\Windows\System32\rasadhlp.dll
0x00007ffc84570000 - 0x00007ffc845e7000 	C:\WINDOWS\System32\fwpuclnt.dll
0x00007ffc914f0000 - 0x00007ffc91516000 	C:\WINDOWS\System32\bcrypt.dll
0x00007ffc7b530000 - 0x00007ffc7b549000 	C:\Program Files\Java\jdk-13.0.1\bin\net.dll
0x00007ffc89890000 - 0x00007ffc89980000 	C:\WINDOWS\SYSTEM32\WINHTTP.dll
0x00007ffc7b510000 - 0x00007ffc7b523000 	C:\Program Files\Java\jdk-13.0.1\bin\nio.dll
0x00007ffc85530000 - 0x00007ffc85546000 	C:\WINDOWS\SYSTEM32\dhcpcsvc6.DLL
0x00007ffc85f80000 - 0x00007ffc85f9c000 	C:\WINDOWS\SYSTEM32\dhcpcsvc.DLL
0x00007ffc7b410000 - 0x00007ffc7b41e000 	C:\Program Files\Java\jdk-13.0.1\bin\sunmscapi.dll
0x00007ffc913a0000 - 0x00007ffc914ea000 	C:\WINDOWS\System32\CRYPT32.dll
0x00007ffc911c0000 - 0x00007ffc911d2000 	C:\WINDOWS\System32\MSASN1.dll
0x00007ffc90c40000 - 0x00007ffc90c66000 	C:\WINDOWS\SYSTEM32\ncrypt.dll
0x00007ffc90c00000 - 0x00007ffc90c3b000 	C:\WINDOWS\SYSTEM32\NTASN1.dll
0x00007ffc7b420000 - 0x00007ffc7b445000 	C:\Program Files\Java\jdk-13.0.1\bin\sunec.dll
0x00007ffc90490000 - 0x00007ffc904c3000 	C:\WINDOWS\system32\rsaenh.dll
0x00007ffc91050000 - 0x00007ffc91075000 	C:\WINDOWS\SYSTEM32\USERENV.dll
0x00007ffc90b40000 - 0x00007ffc90b4c000 	C:\WINDOWS\SYSTEM32\CRYPTBASE.dll
0x00007ffc6b9f0000 - 0x00007ffc6ba06000 	C:\WINDOWS\system32\napinsp.dll
0x00007ffc6b9d0000 - 0x00007ffc6b9ea000 	C:\WINDOWS\system32\pnrpnsp.dll
0x00007ffc6b9c0000 - 0x00007ffc6b9ce000 	C:\WINDOWS\System32\winrnr.dll
0x00007ffc897d0000 - 0x00007ffc897ec000 	C:\WINDOWS\system32\NLAapi.dll
0x00007ffc89610000 - 0x00007ffc89625000 	C:\WINDOWS\system32\wshbth.dll

dbghelp: loaded successfully - version: 4.0.5 - missing functions: none
symbol engine: initialized successfully - sym options: 0x614 - pdb path: .;C:\Program Files\Java\jdk-13.0.1\bin;C:\WINDOWS\SYSTEM32;C:\WINDOWS\WinSxS\amd64_microsoft.windows.common-controls_6595b64144ccf1df_6.0.18362.1379_none_9e7ff3b3e45cc0c4;C:\Program Files\Java\jdk-13.0.1\bin\server

VM Arguments:
jvm_args: -agentlib:jdwp=transport=dt_socket,suspend=y,address=localhost:64659 -ea -javaagent:C:\Users\Eduardo\eclipse\java-2019-09\eclipse\configuration\org.eclipse.osgi\229\0\.cp\lib\javaagent-shaded.jar -Dfile.encoding=Cp1252 
java_command: org.eclipse.jdt.internal.junit.runner.RemoteTestRunner -version 3 -port 64657 -testLoaderClass org.eclipse.jdt.internal.junit4.runner.JUnit4TestLoader -loaderpluginname org.eclipse.jdt.junit4.runtime -classNames cucumberOptions.TestRunner
java_class_path (initial): C:\Users\Eduardo\eclipse-workspace\BASF\target\test-classes;C:\Users\Eduardo\.m2\repository\junit\junit\4.12\junit-4.12.jar;C:\Users\Eduardo\.m2\repository\org\hamcrest\hamcrest-core\1.3\hamcrest-core-1.3.jar;C:\Users\Eduardo\.m2\repository\org\apache\poi\poi\3.6\poi-3.6.jar;C:\Users\Eduardo\.m2\repository\commons-logging\commons-logging\1.1\commons-logging-1.1.jar;C:\Users\Eduardo\.m2\repository\logkit\logkit\1.0.1\logkit-1.0.1.jar;C:\Users\Eduardo\.m2\repository\avalon-framework\avalon-framework\4.1.3\avalon-framework-4.1.3.jar;C:\Users\Eduardo\.m2\repository\javax\servlet\servlet-api\2.3\servlet-api-2.3.jar;C:\Users\Eduardo\.m2\repository\log4j\log4j\1.2.13\log4j-1.2.13.jar;C:\Users\Eduardo\.m2\repository\org\apache\poi\poi-ooxml\3.6\poi-ooxml-3.6.jar;C:\Users\Eduardo\.m2\repository\com\google\guava\guava\22.0\guava-22.0.jar;C:\Users\Eduardo\.m2\repository\com\google\code\findbugs\jsr305\1.3.9\jsr305-1.3.9.jar;C:\Users\Eduardo\.m2\repository\com\google\errorprone\error_prone_annotations\2.0.18\error_prone_annotations-2.0.18.jar;C:\Users\Eduardo\.m2\repository\com\google\j2objc\j2objc-annotations\1.1\j2objc-annotations-1.1.jar;C:\Users\Eduardo\.m2\repository\org\codehaus\mojo\animal-sniffer-annotations\1.14\animal-sniffer-annotations-1.14.jar;C:\Users\Eduardo\.m2\repository\dom4j\dom4j\1.1\dom4j-1.1.jar;C:\Users\Eduardo\.m2\repository\org\apache\xmlbeans\xmlbeans\2.3.0\xmlbeans-2.3.0.jar;C:\Users\Eduardo\.m2\repository\stax\stax-api\1.0.1\stax-api-1.0.1.jar;C:\Users\Eduardo\.m2\repository\org\apache\poi\poi-ooxml-schemas\3.6\poi-ooxml-schemas-3.6.jar;C:\Users\Eduardo\.m2\repository\org\apache\geronimo\specs\geronimo-stax-api_1.0_spec\1.0\geronimo-stax-api_1.0_spec-1.0.jar;C:\Users\Eduardo\.m2\repository\com\google\inject\guice\4.2.0\guice-4.2.0.jar;C:\Users\Eduardo\.m2\repository\javax\inject\javax.inject\1\javax.inject-1.jar;C:\Users\Eduardo\.m2\repository\aopalliance\aopalliance\1.0\aopalliance-1.0.jar;C:\Users\Eduardo\.m2\repository
Launcher Type: SUN_STANDARD

[Global flags]
     intx CICompilerCount                          = 3                                         {product} {ergonomic}
     uint ConcGCThreads                            = 1                                         {product} {ergonomic}
     uint G1ConcRefinementThreads                  = 4                                         {product} {ergonomic}
   size_t G1HeapRegionSize                         = 1048576                                   {product} {ergonomic}
    uintx GCDrainStackTargetSize                   = 64                                        {product} {ergonomic}
   size_t InitialHeapSize                          = 268435456                                 {product} {ergonomic}
   size_t MarkStackSize                            = 4194304                                   {product} {ergonomic}
   size_t MaxHeapSize                              = 4265607168                                {product} {ergonomic}
   size_t MaxNewSize                               = 2558525440                                {product} {ergonomic}
   size_t MinHeapDeltaBytes                        = 1048576                                   {product} {ergonomic}
   size_t MinHeapSize                              = 8388608                                   {product} {ergonomic}
    uintx NonNMethodCodeHeapSize                   = 5830732                                {pd product} {ergonomic}
    uintx NonProfiledCodeHeapSize                  = 122913754                              {pd product} {ergonomic}
    uintx ProfiledCodeHeapSize                     = 122913754                              {pd product} {ergonomic}
    uintx ReservedCodeCacheSize                    = 251658240                              {pd product} {ergonomic}
     bool SegmentedCodeCache                       = true                                      {product} {ergonomic}
   size_t SoftMaxHeapSize                          = 4265607168                             {manageable} {ergonomic}
     bool UseCompressedClassPointers               = true                                 {lp64_product} {ergonomic}
     bool UseCompressedOops                        = true                                 {lp64_product} {ergonomic}
     bool UseG1GC                                  = true                                      {product} {ergonomic}
     bool UseLargePagesIndividualAllocation        = false                                  {pd product} {ergonomic}

Logging:
Log output configuration:
 #0: stdout all=warning uptime,level,tags
 #1: stderr all=off uptime,level,tags

Environment Variables:
JAVA_HOME=C:\Program Files\Java\jdk-13.0.1
PATH=C:/Program Files/Java/jdk-13.0.1/bin/server;C:/Program Files/Java/jdk-13.0.1/bin;C:\Program Files (x86)\Common Files\Oracle\Java\javapath;C:\Python27\;C:\Python27\Scripts;C:\Program Files (x86)\Intel\Intel(R) Management Engine Components\iCLS\;C:\Program Files\Intel\Intel(R) Management Engine Components\iCLS\;C:\WINDOWS\system32;C:\WINDOWS;C:\WINDOWS\System32\Wbem;C:\WINDOWS\System32\WindowsPowerShell\v1.0\;C:\WINDOWS\System32\OpenSSH\;C:\Program Files (x86)\Intel\Intel(R) Management Engine Components\DAL;C:\Program Files\Intel\Intel(R) Management Engine Components\DAL;C:\Program Files\Intel\WiFi\bin\;C:\Program Files\Common Files\Intel\WirelessCommon\;C:\Program Files\Java\jdk-13.0.1\bin;C:\Program Files (x86)\apache-maven-3.6.2\bin;C:\Users\Eduardo\AppData\Local\Android\Sdk\tools\bin;C:\Users\Eduardo\AppData\Local\Android\Sdk\tools;C:\Users\Eduardo\AppData\Local\Android\Sdk\platform-tools;C:\Program Files\nodejs\;C:\ProgramData\chocolatey\bin;C:\Program Files\nodejs\node_modules\npm\bin;C:\Program Files (x86)\Windows Kits\10\Windows Performance Toolkit\;C:\Program Files\AutoFirma\AutoFirma;C:\Program Files\PuTTY\;C:\Users\Eduardo\AppData\Local\Microsoft\WindowsApps;C:\Users\Eduardo\AppData\Roaming\npm;;C:\Users\Eduardo\Desktop;
USERNAME=Eduardo
OS=Windows_NT
PROCESSOR_IDENTIFIER=Intel64 Family 6 Model 142 Stepping 9, GenuineIntel



---------------  S Y S T E M  ---------------

OS: Windows 10 , 64 bit Build 18362 (10.0.18362.1350)

CPU:total 4 (initial active 4) (2 cores per cpu, 2 threads per core) family 6 model 142 stepping 9, cmov, cx8, fxsr, mmx, sse, sse2, sse3, ssse3, sse4.1, sse4.2, popcnt, avx, avx2, aes, clmul, erms, 3dnowpref, lzcnt, ht, tsc, tscinvbit, bmi1, bmi2, adx, fma

Memory: 4k page, system-wide physical 16267M (8413M free)
TotalPageFile size 19723M (AvailPageFile size 7251M)
current process WorkingSet (physical memory assigned to process): 104M, peak: 116M
current process commit charge ("private bytes"): 366M, peak: 377M

vm_info: Java HotSpot(TM) 64-Bit Server VM (13.0.1+9) for windows-amd64 JRE (13.0.1+9), built on Oct  6 2019 12:37:49 by "mach5one" with unknown MS VC++:1916

END.
